2023-05-22 12:13:41 error: POST /login 500 Message: 
Invalid `prisma_1.default.users.findUnique()` invocation in
/home/surya/js/clean-arch-repo/dist/services/users.service.js:46:57

  43     return;
  44 }
  45 async login(data, meta) {
→ 46     const storedUser = await prisma_1.default.users.findUnique(
Database `safebite-main-backend` does not exist on the database server at `localhost:5432`.
2023-05-22 12:13:42 error: POST /login 500 Message: 
Invalid `prisma_1.default.users.findUnique()` invocation in
/home/surya/js/clean-arch-repo/dist/services/users.service.js:46:57

  43     return;
  44 }
  45 async login(data, meta) {
→ 46     const storedUser = await prisma_1.default.users.findUnique(
Database `safebite-main-backend` does not exist on the database server at `localhost:5432`.
2023-05-22 12:14:02 error: POST /login 500 Message: 
Invalid `prisma_1.default.users.findUnique()` invocation in
/home/surya/js/clean-arch-repo/dist/services/users.service.js:46:57

  43     return;
  44 }
  45 async login(data, meta) {
→ 46     const storedUser = await prisma_1.default.users.findUnique(
The table `public.users` does not exist in the current database.
2023-05-22 12:14:03 error: POST /login 500 Message: 
Invalid `prisma_1.default.users.findUnique()` invocation in
/home/surya/js/clean-arch-repo/dist/services/users.service.js:46:57

  43     return;
  44 }
  45 async login(data, meta) {
→ 46     const storedUser = await prisma_1.default.users.findUnique(
The table `public.users` does not exist in the current database.
2023-05-22 12:14:15 error: POST /login 401 Message: invalid credentials
2023-05-22 12:14:15 error: POST /login 401 Message: invalid credentials
2023-05-22 12:14:18 error: POST /signup 400 Message: email, name and password field is invalid
